SF:lib\src\home\cubit\cubits\board_cubit.dart
DA:12,6
DA:18,2
DA:19,4
DA:21,4
DA:22,4
DA:24,4
DA:28,1
DA:29,1
DA:31,4
DA:32,1
DA:33,2
DA:36,1
DA:37,1
DA:39,1
DA:40,1
DA:43,1
DA:44,1
DA:46,1
DA:47,3
DA:48,1
DA:51,1
DA:53,2
DA:56,1
DA:57,1
DA:58,1
DA:62,2
DA:65,1
DA:67,2
DA:68,1
DA:69,2
DA:71,2
DA:74,2
LF:32
LH:32
end_of_record
SF:lib\src\home\cubit\states\board_state.dart
DA:11,2
DA:17,6
DA:22,2
LF:3
LH:3
end_of_record
SF:lib\src\home\models\task.dart
DA:8,5
DA:14,2
DA:15,8
DA:17,1
DA:22,1
DA:23,1
DA:24,1
DA:25,0
LF:8
LH:7
end_of_record
SF:lib\src\home\pages\board_page.dart
DA:9,1
DA:11,1
DA:12,1
DA:16,1
DA:18,3
DA:19,3
DA:21,1
DA:24,1
DA:26,1
DA:27,1
DA:28,1
DA:29,1
DA:31,1
DA:33,1
DA:35,1
DA:37,1
DA:43,1
DA:44,1
DA:50,1
DA:51,3
DA:61,1
DA:62,1
DA:63,1
DA:65,2
DA:66,1
DA:67,1
DA:68,4
DA:82,1
DA:87,1
DA:93,2
DA:97,2
DA:98,0
DA:99,2
DA:100,4
DA:102,0
DA:103,0
DA:106,0
DA:107,0
DA:108,0
DA:110,0
DA:111,0
DA:112,0
DA:114,0
DA:116,0
DA:117,0
DA:124,0
DA:125,0
DA:126,0
DA:127,0
DA:128,0
DA:132,0
DA:140,0
DA:142,0
DA:143,1
DA:145,1
DA:146,1
DA:156,1
DA:158,2
DA:159,1
DA:160,3
DA:161,1
DA:162,3
DA:163,3
DA:168,3
DA:169,0
DA:170,0
DA:183,1
DA:185,0
DA:188,0
DA:189,0
DA:190,0
DA:192,0
DA:193,0
DA:194,0
DA:196,0
DA:199,0
DA:200,0
DA:202,0
DA:203,0
DA:207,0
DA:209,0
DA:213,0
LF:82
LH:45
end_of_record
SF:lib\src\home\widgets\c_dialog.dart
DA:3,0
DA:12,0
DA:15,0
DA:17,0
DA:18,0
DA:22,0
DA:23,0
DA:24,0
DA:27,0
LF:9
LH:0
end_of_record
SF:lib\src\home\repositories\isar\isar_board_repository.dart
DA:10,1
DA:12,1
DA:14,2
DA:16,3
DA:17,1
DA:18,1
DA:19,1
DA:21,1
DA:24,1
DA:26,2
DA:27,1
DA:28,2
DA:29,2
DA:30,3
DA:31,2
DA:34,1
DA:36,2
DA:37,2
LF:18
LH:18
end_of_record
SF:lib\src\home\repositories\isar\isar_datasource.dart
DA:9,0
DA:10,0
DA:11,0
DA:14,0
DA:15,0
DA:16,0
DA:17,0
DA:20,0
DA:23,0
DA:24,0
DA:25,0
DA:28,0
DA:29,0
DA:31,0
DA:32,0
DA:36,0
DA:37,0
DA:39,0
DA:40,0
LF:19
LH:0
end_of_record
