SF:lib\src\cubit\cubits\board_cubit.dart
DA:12,6
DA:16,2
DA:17,4
DA:20,4
DA:21,4
DA:23,4
DA:27,1
DA:28,1
DA:30,1
DA:31,1
DA:34,1
DA:35,1
DA:37,1
DA:38,1
DA:41,1
DA:42,1
DA:44,1
DA:45,3
DA:46,1
DA:49,1
DA:51,2
DA:54,1
DA:55,1
DA:56,1
DA:60,2
DA:63,1
DA:65,2
DA:66,2
DA:68,2
LF:29
LH:29
end_of_record
SF:lib\src\cubit\states\board_state.dart
DA:11,2
DA:17,6
DA:22,2
LF:3
LH:3
end_of_record
SF:lib\src\models\task.dart
DA:9,4
DA:15,0
DA:16,0
DA:18,1
DA:23,1
DA:24,1
DA:25,1
DA:26,0
LF:8
LH:5
end_of_record
SF:lib\src\repositories\isar\isar_datasource.dart
DA:9,0
DA:10,0
DA:11,0
DA:14,0
DA:15,0
DA:16,0
DA:17,0
DA:20,0
DA:23,0
DA:24,0
DA:25,0
DA:28,0
DA:29,0
DA:31,0
DA:32,0
DA:36,0
DA:37,0
DA:39,0
DA:40,0
LF:19
LH:0
end_of_record
SF:lib\src\repositories\isar\isar_board_repository.dart
DA:10,1
DA:12,1
DA:14,2
DA:16,3
DA:17,1
DA:18,1
DA:19,1
DA:21,1
DA:24,1
DA:26,2
DA:27,1
DA:28,2
DA:29,2
DA:30,3
DA:31,2
DA:34,1
DA:36,2
DA:37,2
LF:18
LH:18
end_of_record
SF:lib\src\pages\board_page.dart
DA:8,1
DA:10,1
DA:11,1
DA:15,1
DA:17,3
DA:18,3
DA:21,1
DA:24,1
DA:26,1
DA:28,0
DA:29,0
DA:31,0
DA:32,0
DA:33,0
DA:34,0
DA:37,0
DA:39,0
DA:40,0
DA:41,0
DA:42,0
DA:45,0
DA:46,0
DA:47,0
DA:51,0
DA:52,0
DA:53,0
DA:58,1
DA:59,1
DA:62,1
DA:63,1
DA:65,1
DA:71,1
DA:76,1
DA:82,2
DA:85,2
DA:86,0
DA:87,0
DA:88,0
DA:89,0
DA:90,0
DA:92,0
DA:93,0
DA:94,0
DA:102,1
DA:103,0
LF:45
LH:19
end_of_record
